mode: set
github.com/Ghvstcode/sleeng/pkg/wallet/kraken_api.go:28.49,30.16 2 1
github.com/Ghvstcode/sleeng/pkg/wallet/kraken_api.go:30.16,32.3 1 0
github.com/Ghvstcode/sleeng/pkg/wallet/kraken_api.go:33.2,36.16 3 1
github.com/Ghvstcode/sleeng/pkg/wallet/kraken_api.go:36.16,38.3 1 0
github.com/Ghvstcode/sleeng/pkg/wallet/kraken_api.go:40.2,42.16 3 1
github.com/Ghvstcode/sleeng/pkg/wallet/kraken_api.go:42.16,44.3 1 0
github.com/Ghvstcode/sleeng/pkg/wallet/kraken_api.go:46.2,46.45 1 1
github.com/Ghvstcode/sleeng/pkg/wallet/kraken_api.go:46.45,48.3 1 0
github.com/Ghvstcode/sleeng/pkg/wallet/kraken_api.go:50.2,52.16 3 1
github.com/Ghvstcode/sleeng/pkg/wallet/kraken_api.go:52.16,54.3 1 0
github.com/Ghvstcode/sleeng/pkg/wallet/kraken_api.go:56.2,56.18 1 1
github.com/Ghvstcode/sleeng/pkg/wallet/solana_api.go:20.98,24.21 3 1
github.com/Ghvstcode/sleeng/pkg/wallet/solana_api.go:24.21,26.3 1 1
github.com/Ghvstcode/sleeng/pkg/wallet/solana_api.go:26.8,26.24 1 1
github.com/Ghvstcode/sleeng/pkg/wallet/solana_api.go:26.24,28.3 1 1
github.com/Ghvstcode/sleeng/pkg/wallet/solana_api.go:28.8,30.3 1 1
github.com/Ghvstcode/sleeng/pkg/wallet/solana_api.go:32.2,32.16 1 1
github.com/Ghvstcode/sleeng/pkg/wallet/solana_api.go:32.16,34.3 1 1
github.com/Ghvstcode/sleeng/pkg/wallet/solana_api.go:36.2,37.16 2 1
github.com/Ghvstcode/sleeng/pkg/wallet/solana_api.go:37.16,39.3 1 1
github.com/Ghvstcode/sleeng/pkg/wallet/solana_api.go:41.2,45.17 4 1
github.com/Ghvstcode/sleeng/pkg/wallet/solana_api.go:48.87,50.16 2 1
github.com/Ghvstcode/sleeng/pkg/wallet/solana_api.go:50.16,52.3 1 1
github.com/Ghvstcode/sleeng/pkg/wallet/solana_api.go:54.2,54.49 1 1
github.com/Ghvstcode/sleeng/pkg/wallet/solana_api.go:57.73,59.16 2 1
github.com/Ghvstcode/sleeng/pkg/wallet/solana_api.go:59.16,61.3 1 1
github.com/Ghvstcode/sleeng/pkg/wallet/solana_api.go:63.2,63.49 1 1
github.com/Ghvstcode/sleeng/pkg/wallet/solana_api.go:67.80,69.16 2 1
github.com/Ghvstcode/sleeng/pkg/wallet/solana_api.go:69.16,71.3 1 0
github.com/Ghvstcode/sleeng/pkg/wallet/solana_api.go:72.2,72.33 1 1
github.com/Ghvstcode/sleeng/pkg/wallet/wallet.go:54.38,61.2 1 0
github.com/Ghvstcode/sleeng/pkg/wallet/wallet.go:64.73,66.16 2 0
github.com/Ghvstcode/sleeng/pkg/wallet/wallet.go:66.16,68.3 1 0
github.com/Ghvstcode/sleeng/pkg/wallet/wallet.go:69.2,70.16 2 0
github.com/Ghvstcode/sleeng/pkg/wallet/wallet.go:70.16,72.3 1 0
github.com/Ghvstcode/sleeng/pkg/wallet/wallet.go:74.2,76.47 3 0
github.com/Ghvstcode/sleeng/pkg/wallet/wallet.go:79.78,81.16 2 0
github.com/Ghvstcode/sleeng/pkg/wallet/wallet.go:81.16,83.3 1 0
github.com/Ghvstcode/sleeng/pkg/wallet/wallet.go:84.2,85.16 2 0
github.com/Ghvstcode/sleeng/pkg/wallet/wallet.go:85.16,87.3 1 0
github.com/Ghvstcode/sleeng/pkg/wallet/wallet.go:89.2,91.41 3 0
github.com/Ghvstcode/sleeng/pkg/wallet/wallet.go:94.70,97.17 2 0
github.com/Ghvstcode/sleeng/pkg/wallet/wallet.go:97.17,99.3 1 0
github.com/Ghvstcode/sleeng/pkg/wallet/wallet.go:101.2,102.16 2 0
github.com/Ghvstcode/sleeng/pkg/wallet/wallet.go:102.16,104.3 1 0
github.com/Ghvstcode/sleeng/pkg/wallet/wallet.go:106.2,106.42 1 0
github.com/Ghvstcode/sleeng/pkg/wallet/wallet.go:109.83,111.16 2 0
github.com/Ghvstcode/sleeng/pkg/wallet/wallet.go:111.16,113.3 1 0
github.com/Ghvstcode/sleeng/pkg/wallet/wallet.go:116.2,117.16 2 0
github.com/Ghvstcode/sleeng/pkg/wallet/wallet.go:117.16,119.3 1 0
github.com/Ghvstcode/sleeng/pkg/wallet/wallet.go:122.2,125.39 2 0
github.com/Ghvstcode/sleeng/pkg/wallet/wallet.go:128.57,130.2 1 0
github.com/Ghvstcode/sleeng/pkg/wallet/wallet.go:132.79,134.2 1 0
github.com/Ghvstcode/sleeng/pkg/wallet/wallet.go:136.71,137.21 1 0
github.com/Ghvstcode/sleeng/pkg/wallet/wallet.go:137.21,139.3 1 0
github.com/Ghvstcode/sleeng/pkg/wallet/wallet.go:140.2,140.39 1 0
github.com/Ghvstcode/sleeng/pkg/wallet/wallet.go:143.83,145.2 1 0
github.com/Ghvstcode/sleeng/pkg/wallet/wallet.go:147.51,149.2 1 0
github.com/Ghvstcode/sleeng/pkg/wallet/wallet.go:152.85,153.20 1 0
github.com/Ghvstcode/sleeng/pkg/wallet/wallet.go:153.20,155.17 2 0
github.com/Ghvstcode/sleeng/pkg/wallet/wallet.go:155.17,157.4 1 0
github.com/Ghvstcode/sleeng/pkg/wallet/wallet.go:159.3,160.17 2 0
github.com/Ghvstcode/sleeng/pkg/wallet/wallet.go:160.17,162.4 1 0
github.com/Ghvstcode/sleeng/pkg/wallet/wallet.go:165.2,166.16 2 0
github.com/Ghvstcode/sleeng/pkg/wallet/wallet.go:166.16,168.3 1 0
github.com/Ghvstcode/sleeng/pkg/wallet/wallet.go:170.2,171.34 2 0
github.com/Ghvstcode/sleeng/pkg/wallet/wallet.go:175.67,177.2 1 0
github.com/Ghvstcode/sleeng/pkg/wallet/wallet.go:179.72,184.21 3 0
github.com/Ghvstcode/sleeng/pkg/wallet/wallet.go:184.21,186.3 1 0
github.com/Ghvstcode/sleeng/pkg/wallet/wallet.go:186.8,188.17 2 0
github.com/Ghvstcode/sleeng/pkg/wallet/wallet.go:188.17,190.4 1 0
github.com/Ghvstcode/sleeng/pkg/wallet/wallet.go:194.2,195.16 2 0
github.com/Ghvstcode/sleeng/pkg/wallet/wallet.go:195.16,197.3 1 0
github.com/Ghvstcode/sleeng/pkg/wallet/wallet.go:199.2,199.26 1 0
github.com/Ghvstcode/sleeng/pkg/wallet/wallet.go:202.89,204.16 2 0
github.com/Ghvstcode/sleeng/pkg/wallet/wallet.go:204.16,206.3 1 0
github.com/Ghvstcode/sleeng/pkg/wallet/wallet.go:208.2,208.17 1 0
github.com/Ghvstcode/sleeng/pkg/wallet/wallet.go:208.17,210.3 1 0
github.com/Ghvstcode/sleeng/pkg/wallet/wallet.go:212.2,213.16 2 0
github.com/Ghvstcode/sleeng/pkg/wallet/wallet.go:213.16,215.3 1 0
github.com/Ghvstcode/sleeng/pkg/wallet/wallet.go:217.2,217.42 1 0
github.com/Ghvstcode/sleeng/pkg/wallet/wallet.go:221.30,227.2 2 0
github.com/Ghvstcode/sleeng/pkg/wallet/wallet.go:233.70,235.16 2 0
github.com/Ghvstcode/sleeng/pkg/wallet/wallet.go:235.16,237.3 1 0
github.com/Ghvstcode/sleeng/pkg/wallet/wallet.go:238.2,238.18 1 0
github.com/Ghvstcode/sleeng/pkg/wallet/wallet.go:245.74,246.63 1 0
github.com/Ghvstcode/sleeng/pkg/wallet/wallet.go:246.63,248.3 1 0
github.com/Ghvstcode/sleeng/pkg/wallet/wallet.go:249.2,249.12 1 0
github.com/Ghvstcode/sleeng/pkg/wallet/wallet.go:252.59,254.20 1 0
github.com/Ghvstcode/sleeng/pkg/wallet/wallet.go:254.20,256.3 1 0
github.com/Ghvstcode/sleeng/pkg/wallet/wallet.go:259.2,263.97 3 0
github.com/Ghvstcode/sleeng/pkg/wallet/wallet.go:263.97,265.3 1 0
github.com/Ghvstcode/sleeng/pkg/wallet/wallet.go:268.2,268.38 1 0
github.com/Ghvstcode/sleeng/pkg/wallet/wallet.go:268.38,270.3 1 0
github.com/Ghvstcode/sleeng/pkg/wallet/wallet.go:272.2,272.12 1 0
github.com/Ghvstcode/sleeng/pkg/wallet/wallet.go:275.97,279.16 4 0
github.com/Ghvstcode/sleeng/pkg/wallet/wallet.go:279.16,281.3 1 0
github.com/Ghvstcode/sleeng/pkg/wallet/wallet.go:283.2,283.21 1 0
github.com/Ghvstcode/sleeng/pkg/wallet/wallet.go:283.21,285.3 1 0
github.com/Ghvstcode/sleeng/pkg/wallet/wallet.go:285.8,287.17 2 0
github.com/Ghvstcode/sleeng/pkg/wallet/wallet.go:287.17,289.4 1 0
github.com/Ghvstcode/sleeng/pkg/wallet/wallet.go:292.2,293.16 2 0
github.com/Ghvstcode/sleeng/pkg/wallet/wallet.go:293.16,295.3 1 0
github.com/Ghvstcode/sleeng/pkg/wallet/wallet.go:297.2,300.16 3 0
github.com/Ghvstcode/sleeng/pkg/wallet/wallet.go:300.16,302.3 1 0
github.com/Ghvstcode/sleeng/pkg/wallet/wallet.go:304.2,305.16 2 0
github.com/Ghvstcode/sleeng/pkg/wallet/wallet.go:305.16,307.3 1 0
github.com/Ghvstcode/sleeng/pkg/wallet/wallet.go:309.2,310.16 2 0
github.com/Ghvstcode/sleeng/pkg/wallet/wallet.go:310.16,312.3 1 0
github.com/Ghvstcode/sleeng/pkg/wallet/wallet.go:314.2,325.16 2 0
github.com/Ghvstcode/sleeng/pkg/wallet/wallet.go:325.16,327.3 1 0
github.com/Ghvstcode/sleeng/pkg/wallet/wallet.go:329.2,330.49 1 0
github.com/Ghvstcode/sleeng/pkg/wallet/wallet.go:330.49,331.43 1 0
github.com/Ghvstcode/sleeng/pkg/wallet/wallet.go:331.43,333.5 1 0
github.com/Ghvstcode/sleeng/pkg/wallet/wallet.go:334.4,334.14 1 0
github.com/Ghvstcode/sleeng/pkg/wallet/wallet.go:337.2,337.16 1 0
github.com/Ghvstcode/sleeng/pkg/wallet/wallet.go:337.16,339.3 1 0
github.com/Ghvstcode/sleeng/pkg/wallet/wallet.go:341.2,347.16 2 0
github.com/Ghvstcode/sleeng/pkg/wallet/wallet.go:347.16,349.3 1 0
github.com/Ghvstcode/sleeng/pkg/wallet/wallet.go:351.2,351.26 1 0
github.com/Ghvstcode/sleeng/pkg/wallet/wallet.go:354.87,356.16 2 0
github.com/Ghvstcode/sleeng/pkg/wallet/wallet.go:356.16,358.3 1 0
github.com/Ghvstcode/sleeng/pkg/wallet/wallet.go:360.2,364.22 3 0
github.com/Ghvstcode/sleeng/pkg/wallet/wallet_key.go:36.70,40.16 3 1
github.com/Ghvstcode/sleeng/pkg/wallet/wallet_key.go:40.16,42.3 1 1
github.com/Ghvstcode/sleeng/pkg/wallet/wallet_key.go:44.2,44.55 1 1
github.com/Ghvstcode/sleeng/pkg/wallet/wallet_key.go:44.55,46.3 1 0
github.com/Ghvstcode/sleeng/pkg/wallet/wallet_key.go:48.2,48.18 1 1
github.com/Ghvstcode/sleeng/pkg/wallet/wallet_key.go:52.57,54.16 2 1
github.com/Ghvstcode/sleeng/pkg/wallet/wallet_key.go:54.16,56.3 1 1
github.com/Ghvstcode/sleeng/pkg/wallet/wallet_key.go:58.2,59.13 2 1
github.com/Ghvstcode/sleeng/pkg/wallet/wallet_key.go:59.13,61.3 1 1
github.com/Ghvstcode/sleeng/pkg/wallet/wallet_key.go:62.2,63.16 2 0
github.com/Ghvstcode/sleeng/pkg/wallet/wallet_key.go:63.16,65.3 1 0
github.com/Ghvstcode/sleeng/pkg/wallet/wallet_key.go:67.2,67.32 1 0
github.com/Ghvstcode/sleeng/pkg/wallet/wallet_key.go:71.69,73.16 2 1
github.com/Ghvstcode/sleeng/pkg/wallet/wallet_key.go:73.16,75.3 1 1
github.com/Ghvstcode/sleeng/pkg/wallet/wallet_key.go:77.2,78.13 2 1
github.com/Ghvstcode/sleeng/pkg/wallet/wallet_key.go:78.13,80.3 1 1
github.com/Ghvstcode/sleeng/pkg/wallet/wallet_key.go:82.2,82.31 1 1
github.com/Ghvstcode/sleeng/pkg/wallet/wallet_key.go:86.51,89.16 2 1
github.com/Ghvstcode/sleeng/pkg/wallet/wallet_key.go:89.16,91.37 1 1
github.com/Ghvstcode/sleeng/pkg/wallet/wallet_key.go:91.37,93.4 1 1
github.com/Ghvstcode/sleeng/pkg/wallet/wallet_key.go:95.3,95.60 1 1
github.com/Ghvstcode/sleeng/pkg/wallet/wallet_key.go:99.2,99.18 1 1
github.com/Ghvstcode/sleeng/pkg/wallet/wallet_key.go:103.61,105.16 2 1
github.com/Ghvstcode/sleeng/pkg/wallet/wallet_key.go:105.16,107.3 1 1
github.com/Ghvstcode/sleeng/pkg/wallet/wallet_key.go:110.2,110.57 1 1
github.com/Ghvstcode/sleeng/pkg/wallet/wallet_key.go:110.57,112.3 1 1
github.com/Ghvstcode/sleeng/pkg/wallet/wallet_key.go:115.2,118.16 3 1
github.com/Ghvstcode/sleeng/pkg/wallet/wallet_key.go:118.16,120.3 1 0
github.com/Ghvstcode/sleeng/pkg/wallet/wallet_key.go:123.2,123.57 1 1
github.com/Ghvstcode/sleeng/pkg/wallet/wallet_key.go:127.56,129.16 2 0
github.com/Ghvstcode/sleeng/pkg/wallet/wallet_key.go:129.16,131.3 1 0
github.com/Ghvstcode/sleeng/pkg/wallet/wallet_key.go:133.2,134.13 2 0
github.com/Ghvstcode/sleeng/pkg/wallet/wallet_key.go:134.13,136.3 1 0
github.com/Ghvstcode/sleeng/pkg/wallet/wallet_key.go:138.2,138.36 1 0
github.com/Ghvstcode/sleeng/pkg/wallet/wallet_key.go:142.68,144.16 2 0
github.com/Ghvstcode/sleeng/pkg/wallet/wallet_key.go:144.16,146.3 1 0
github.com/Ghvstcode/sleeng/pkg/wallet/wallet_key.go:148.2,149.13 2 0
github.com/Ghvstcode/sleeng/pkg/wallet/wallet_key.go:149.13,151.3 1 0
github.com/Ghvstcode/sleeng/pkg/wallet/wallet_key.go:153.2,153.30 1 0
github.com/Ghvstcode/sleeng/pkg/wallet/wallet_key.go:156.99,160.16 3 1
github.com/Ghvstcode/sleeng/pkg/wallet/wallet_key.go:160.16,162.3 1 0
github.com/Ghvstcode/sleeng/pkg/wallet/wallet_key.go:164.2,164.16 1 1
github.com/Ghvstcode/sleeng/pkg/wallet/wallet_key.go:164.16,166.17 2 1
github.com/Ghvstcode/sleeng/pkg/wallet/wallet_key.go:166.17,168.4 1 0
github.com/Ghvstcode/sleeng/pkg/wallet/wallet_key.go:169.8,171.3 1 0
github.com/Ghvstcode/sleeng/pkg/wallet/wallet_key.go:173.2,173.46 1 1
github.com/Ghvstcode/sleeng/pkg/wallet/wallet_key.go:173.46,175.3 1 1
github.com/Ghvstcode/sleeng/pkg/wallet/wallet_key.go:177.2,182.16 5 1
github.com/Ghvstcode/sleeng/pkg/wallet/wallet_key.go:182.16,184.3 1 0
github.com/Ghvstcode/sleeng/pkg/wallet/wallet_key.go:187.2,187.57 1 1
github.com/Ghvstcode/sleeng/pkg/wallet/wallet_key.go:190.70,192.16 2 1
github.com/Ghvstcode/sleeng/pkg/wallet/wallet_key.go:192.16,194.3 1 1
github.com/Ghvstcode/sleeng/pkg/wallet/wallet_key.go:196.2,198.16 3 1
github.com/Ghvstcode/sleeng/pkg/wallet/wallet_key.go:198.16,201.3 2 0
github.com/Ghvstcode/sleeng/pkg/wallet/wallet_key.go:203.2,206.42 3 1
github.com/Ghvstcode/sleeng/pkg/wallet/wallet_key.go:206.42,208.32 2 1
github.com/Ghvstcode/sleeng/pkg/wallet/wallet_key.go:208.32,210.4 1 1
github.com/Ghvstcode/sleeng/pkg/wallet/wallet_key.go:212.3,212.25 1 1
github.com/Ghvstcode/sleeng/pkg/wallet/wallet_key.go:212.25,215.4 2 1
github.com/Ghvstcode/sleeng/pkg/wallet/wallet_key.go:217.3,218.35 2 1
github.com/Ghvstcode/sleeng/pkg/wallet/wallet_key.go:221.2,221.29 1 1
github.com/Ghvstcode/sleeng/pkg/wallet/wallet_key.go:224.55,227.24 2 1
github.com/Ghvstcode/sleeng/pkg/wallet/wallet_key.go:227.24,229.3 1 1
github.com/Ghvstcode/sleeng/pkg/wallet/wallet_key.go:231.2,234.27 3 1
github.com/Ghvstcode/sleeng/pkg/wallet/wallet_key.go:234.27,236.24 2 1
github.com/Ghvstcode/sleeng/pkg/wallet/wallet_key.go:236.24,238.4 1 1
github.com/Ghvstcode/sleeng/pkg/wallet/wallet_key.go:240.2,242.25 2 1
github.com/Ghvstcode/sleeng/pkg/wallet/wallet_key.go:245.80,253.27 5 0
github.com/Ghvstcode/sleeng/pkg/wallet/wallet_key.go:253.27,255.17 2 0
github.com/Ghvstcode/sleeng/pkg/wallet/wallet_key.go:255.17,257.4 1 0
github.com/Ghvstcode/sleeng/pkg/wallet/wallet_key.go:258.3,258.25 1 0
github.com/Ghvstcode/sleeng/pkg/wallet/wallet_key.go:261.2,261.41 1 0
github.com/Ghvstcode/sleeng/pkg/wallet/wallet_trns.go:32.114,36.54 3 0
github.com/Ghvstcode/sleeng/pkg/wallet/wallet_trns.go:36.54,38.17 2 0
github.com/Ghvstcode/sleeng/pkg/wallet/wallet_trns.go:38.17,40.4 1 0
github.com/Ghvstcode/sleeng/pkg/wallet/wallet_trns.go:42.3,42.39 1 0
github.com/Ghvstcode/sleeng/pkg/wallet/wallet_trns.go:42.39,43.12 1 0
github.com/Ghvstcode/sleeng/pkg/wallet/wallet_trns.go:46.3,47.49 2 0
github.com/Ghvstcode/sleeng/pkg/wallet/wallet_trns.go:47.49,48.12 1 0
github.com/Ghvstcode/sleeng/pkg/wallet/wallet_trns.go:51.3,61.5 4 0
github.com/Ghvstcode/sleeng/pkg/wallet/wallet_trns.go:64.2,64.26 1 0
github.com/Ghvstcode/sleeng/pkg/wallet/wallet_trns.go:67.119,72.16 4 0
github.com/Ghvstcode/sleeng/pkg/wallet/wallet_trns.go:72.16,74.3 1 0
github.com/Ghvstcode/sleeng/pkg/wallet/wallet_trns.go:76.2,77.16 2 0
github.com/Ghvstcode/sleeng/pkg/wallet/wallet_trns.go:77.16,79.3 1 0
github.com/Ghvstcode/sleeng/pkg/wallet/wallet_trns.go:81.2,82.16 2 0
github.com/Ghvstcode/sleeng/pkg/wallet/wallet_trns.go:82.16,84.3 1 0
github.com/Ghvstcode/sleeng/pkg/wallet/wallet_trns.go:86.2,86.62 1 0
github.com/Ghvstcode/sleeng/pkg/wallet/wallet_trns.go:89.66,92.16 3 0
github.com/Ghvstcode/sleeng/pkg/wallet/wallet_trns.go:92.16,94.3 1 0
github.com/Ghvstcode/sleeng/pkg/wallet/wallet_trns.go:96.2,100.16 4 0
github.com/Ghvstcode/sleeng/pkg/wallet/wallet_trns.go:100.16,102.3 1 0
github.com/Ghvstcode/sleeng/pkg/wallet/wallet_trns.go:104.2,110.33 5 0
github.com/Ghvstcode/sleeng/pkg/wallet/wallet_trns.go:110.33,111.45 1 0
github.com/Ghvstcode/sleeng/pkg/wallet/wallet_trns.go:111.45,113.4 1 0
github.com/Ghvstcode/sleeng/pkg/wallet/wallet_trns.go:115.3,117.22 2 0
github.com/Ghvstcode/sleeng/pkg/wallet/wallet_trns.go:117.22,121.18 3 0
github.com/Ghvstcode/sleeng/pkg/wallet/wallet_trns.go:121.18,123.5 1 0
github.com/Ghvstcode/sleeng/pkg/wallet/wallet_trns.go:125.4,129.14 4 0
github.com/Ghvstcode/sleeng/pkg/wallet/wallet_trns.go:133.2,133.34 1 0
github.com/Ghvstcode/sleeng/pkg/wallet/wallet_trns.go:133.34,135.3 1 0
github.com/Ghvstcode/sleeng/pkg/wallet/wallet_trns.go:137.2,137.26 1 0
